TN:
SF:src/data/usecases/add-account/db-add-account.ts
FN:11,<instance_members_initializer>
FN:14,DbAddAccount
FN:19,add
FNF:3
FNH:3
FNDA:4,<instance_members_initializer>
FNDA:4,DbAddAccount
FNDA:4,add
DA:1,1
DA:2,1
DA:3,1
DA:4,1
DA:5,1
DA:6,1
DA:7,1
DA:8,1
DA:9,1
DA:10,1
DA:11,1
DA:12,1
DA:13,1
DA:14,1
DA:15,4
DA:16,4
DA:17,4
DA:18,1
DA:19,1
DA:20,4
DA:21,3
DA:22,3
DA:23,3
DA:24,3
DA:25,1
LF:25
LH:25
BRDA:11,0,0,4
BRDA:14,1,0,4
BRDA:19,2,0,4
BRDA:21,3,0,3
BRF:4
BRH:4
end_of_record
TN:
SF:src/data/usecases/protocols/add-account-repository.ts
FN:1,(empty-report)
FNF:1
FNH:0
FNDA:0,(empty-report)
DA:1,0
DA:2,0
DA:3,0
DA:4,0
DA:5,0
DA:6,0
DA:7,0
DA:8,0
LF:8
LH:0
BRDA:1,0,0,0
BRF:1
BRH:0
end_of_record
TN:
SF:src/data/usecases/protocols/encrypter.ts
FN:1,(empty-report)
FNF:1
FNH:0
FNDA:0,(empty-report)
DA:1,0
DA:2,0
DA:3,0
DA:4,0
LF:4
LH:0
BRDA:1,0,0,0
BRF:1
BRH:0
end_of_record
TN:
SF:src/domain/models/account.ts
FN:1,(empty-report)
FNF:1
FNH:0
FNDA:0,(empty-report)
DA:1,0
DA:2,0
DA:3,0
DA:4,0
DA:5,0
DA:6,0
LF:6
LH:0
BRDA:1,0,0,0
BRF:1
BRH:0
end_of_record
TN:
SF:src/domain/usecases/add-account.ts
FN:1,(empty-report)
FNF:1
FNH:0
FNDA:0,(empty-report)
DA:1,0
DA:2,0
DA:3,0
DA:4,0
DA:5,0
DA:6,0
DA:7,0
DA:8,0
DA:9,0
DA:10,0
DA:11,0
DA:12,0
DA:13,0
LF:13
LH:0
BRDA:1,0,0,0
BRF:1
BRH:0
end_of_record
TN:
SF:src/infra/criptography/bcrypt-adapter.ts
FN:8,<instance_members_initializer>
FN:10,BcryptAdapter
FN:15,encrypt
FNF:3
FNH:3
FNDA:3,<instance_members_initializer>
FNDA:3,BcryptAdapter
FNDA:3,encrypt
DA:1,1
DA:2,1
DA:3,1
DA:4,1
DA:5,1
DA:6,1
DA:7,1
DA:8,1
DA:9,1
DA:10,1
DA:11,3
DA:12,3
DA:13,1
DA:14,1
DA:15,1
DA:16,3
DA:17,3
DA:18,1
LF:18
LH:18
BRDA:8,0,0,3
BRDA:10,1,0,3
BRDA:15,2,0,3
BRF:3
BRH:3
end_of_record
TN:
SF:src/presentation/controllers/signup.ts
FN:8,<instance_members_initializer>
FN:11,SignUpController
FN:16,handle
FNF:3
FNH:3
FNDA:11,<instance_members_initializer>
FNDA:11,SignUpController
FNDA:11,handle
DA:1,1
DA:2,1
DA:3,1
DA:4,1
DA:5,1
DA:6,1
DA:7,1
DA:8,1
DA:9,1
DA:10,1
DA:11,1
DA:12,11
DA:13,11
DA:14,11
DA:15,1
DA:16,1
DA:17,11
DA:18,11
DA:19,11
DA:20,38
DA:21,4
DA:22,4
DA:23,38
DA:24,7
DA:25,7
DA:26,11
DA:27,1
DA:28,1
DA:29,6
DA:30,11
DA:31,1
DA:32,1
DA:33,4
DA:34,4
DA:35,4
DA:36,4
DA:37,4
DA:38,3
DA:39,11
DA:40,2
DA:41,2
DA:42,11
DA:43,1
LF:43
LH:43
BRDA:8,0,0,11
BRDA:11,1,0,11
BRDA:16,2,0,11
BRDA:19,3,0,38
BRDA:20,4,0,4
BRDA:24,5,0,7
BRDA:26,6,0,1
BRDA:29,7,0,6
BRDA:30,8,0,1
BRDA:33,9,0,4
BRDA:38,10,0,3
BRDA:39,11,0,2
BRF:12
BRH:12
end_of_record
TN:
SF:src/presentation/errors/index.ts
FNF:0
FNH:0
DA:1,1
DA:2,1
DA:3,1
LF:3
LH:3
BRF:0
BRH:0
end_of_record
TN:
SF:src/presentation/errors/invalid-param-error.ts
FN:2,InvalidParamError
FNF:1
FNH:1
FNDA:4,InvalidParamError
DA:1,1
DA:2,1
DA:3,4
DA:4,4
DA:5,4
DA:6,1
LF:6
LH:6
BRDA:2,0,0,4
BRF:1
BRH:1
end_of_record
TN:
SF:src/presentation/errors/missing-param-error.ts
FN:2,MissingParamError
FNF:1
FNH:1
FNDA:8,MissingParamError
DA:1,1
DA:2,1
DA:3,8
DA:4,8
DA:5,8
DA:6,1
LF:6
LH:6
BRDA:2,0,0,8
BRF:1
BRH:1
end_of_record
TN:
SF:src/presentation/errors/server-error.ts
FN:2,ServerError
FNF:1
FNH:1
FNDA:4,ServerError
DA:1,1
DA:2,1
DA:3,4
DA:4,4
DA:5,4
DA:6,1
LF:6
LH:6
BRDA:2,0,0,4
BRF:1
BRH:1
end_of_record
TN:
SF:src/presentation/helpers/http-helper.ts
FN:6,badRequest
FN:13,serverError
FN:20,sucess
FNF:3
FNH:3
FNDA:6,badRequest
FNDA:2,serverError
FNDA:3,sucess
DA:1,1
DA:2,1
DA:3,1
DA:4,1
DA:5,1
DA:6,1
DA:7,6
DA:8,6
DA:9,6
DA:10,6
DA:11,6
DA:12,1
DA:13,1
DA:14,2
DA:15,2
DA:16,2
DA:17,2
DA:18,2
DA:19,1
DA:20,1
DA:21,3
DA:22,3
DA:23,3
DA:24,3
DA:25,3
LF:25
LH:25
BRDA:6,0,0,6
BRDA:13,1,0,2
BRDA:20,2,0,3
BRF:3
BRH:3
end_of_record
TN:
SF:src/presentation/protocols/controller.ts
FN:1,(empty-report)
FNF:1
FNH:0
FNDA:0,(empty-report)
DA:1,0
DA:2,0
DA:3,0
DA:4,0
DA:5,0
DA:6,0
DA:7,0
LF:7
LH:0
BRDA:1,0,0,0
BRF:1
BRH:0
end_of_record
TN:
SF:src/presentation/protocols/email-validator.ts
FN:1,(empty-report)
FNF:1
FNH:0
FNDA:0,(empty-report)
DA:1,0
DA:2,0
DA:3,0
DA:4,0
LF:4
LH:0
BRDA:1,0,0,0
BRF:1
BRH:0
end_of_record
TN:
SF:src/presentation/protocols/http.ts
FN:1,(empty-report)
FNF:1
FNH:0
FNDA:0,(empty-report)
DA:1,0
DA:2,0
DA:3,0
DA:4,0
DA:5,0
DA:6,0
DA:7,0
DA:8,0
LF:8
LH:0
BRDA:1,0,0,0
BRF:1
BRH:0
end_of_record
TN:
SF:src/presentation/protocols/index.ts
FN:1,(empty-report)
FNF:1
FNH:0
FNDA:0,(empty-report)
DA:1,0
DA:2,0
DA:3,0
LF:3
LH:0
BRDA:1,0,0,0
BRF:1
BRH:0
end_of_record
TN:
SF:src/utils/email-validator.ts
FN:6,isValid
FNF:1
FNH:1
FNDA:3,isValid
DA:1,1
DA:2,1
DA:3,1
DA:4,1
DA:5,1
DA:6,1
DA:7,3
DA:8,3
DA:9,1
LF:9
LH:9
BRDA:6,0,0,3
BRF:1
BRH:1
end_of_record
